<?xml version="1.0" encoding="UTF-8"?>
<!-- Generated by org.testng.reporters.JUnitReportReporter -->
<testsuite hostname="U6029595-TPL-A" name="stepDefinitions.searchVehicleStepDefinition" tests="1" failures="0" timestamp="10 Jun 2019 09:27:46 GMT" time="0.024" errors="0">
  <testcase name="loadInsurancePage" time="0.024" classname="stepDefinitions.searchVehicleStepDefinition"/>
</testsuite> <!-- stepDefinitions.searchVehicleStepDefinition -->
